  game.c
E:\Meitu\foundation\三子棋\game.c(1,26): error C2065: “row”: 未声明的标识符
E:\Meitu\foundation\三子棋\game.c(1,26): error C2057: 应输入常量表达式
E:\Meitu\foundation\三子棋\game.c(1,26): error C2466: 不能分配常量大小为 0 的数组
E:\Meitu\foundation\三子棋\game.c(1,31): error C2065: “col”: 未声明的标识符
E:\Meitu\foundation\三子棋\game.c(1,31): error C2057: 应输入常量表达式
E:\Meitu\foundation\三子棋\game.c(1,31): error C2466: 不能分配常量大小为 0 的数组
E:\Meitu\foundation\三子棋\game.c(1,31): error C2087: “a”: 缺少下标
E:\Meitu\foundation\三子棋\game.c(8,29): error C2065: “row”: 未声明的标识符
E:\Meitu\foundation\三子棋\game.c(8,29): error C2057: 应输入常量表达式
E:\Meitu\foundation\三子棋\game.c(8,29): error C2466: 不能分配常量大小为 0 的数组
E:\Meitu\foundation\三子棋\game.c(8,34): error C2065: “col”: 未声明的标识符
E:\Meitu\foundation\三子棋\game.c(8,34): error C2057: 应输入常量表达式
E:\Meitu\foundation\三子棋\game.c(8,34): error C2466: 不能分配常量大小为 0 的数组
E:\Meitu\foundation\三子棋\game.c(8,34): error C2087: “a”: 缺少下标
E:\Meitu\foundation\三子棋\game.c(16,10): warning C4013: “printf”未定义；假设外部返回 int
E:\Meitu\foundation\三子棋\game.c(28,5): error C2085: “computermove”: 不在形参表中
E:\Meitu\foundation\三子棋\game.c(28,5): error C2143: 语法错误: 缺少“;”(在“类型”的前面)
E:\Meitu\foundation\三子棋\game.c(29,6): error C2085: “isfull”: 不在形参表中
E:\Meitu\foundation\三子棋\game.c(29,6): error C2143: 语法错误: 缺少“;”(在“类型”的前面)
E:\Meitu\foundation\三子棋\game.c(30,1): error C2085: “iswin”: 不在形参表中
E:\Meitu\foundation\三子棋\game.c(30,1): fatal error C1004: 发现意外的文件尾
  test.c
E:\Meitu\foundation\三子棋\test.c(3,8): warning C4013: “printf”未定义；假设外部返回 int
E:\Meitu\foundation\三子棋\test.c(9,12): error C2065: “row”: 未声明的标识符
E:\Meitu\foundation\三子棋\test.c(9,12): error C2057: 应输入常量表达式
E:\Meitu\foundation\三子棋\test.c(9,12): error C2466: 不能分配常量大小为 0 的数组
E:\Meitu\foundation\三子棋\test.c(9,17): error C2065: “col”: 未声明的标识符
E:\Meitu\foundation\三子棋\test.c(9,17): error C2057: 应输入常量表达式
E:\Meitu\foundation\三子棋\test.c(9,17): error C2466: 不能分配常量大小为 0 的数组
E:\Meitu\foundation\三子棋\test.c(9,17): error C2087: “a”: 缺少下标
E:\Meitu\foundation\三子棋\test.c(10,11): warning C4013: “intiboard”未定义；假设外部返回 int
E:\Meitu\foundation\三子棋\test.c(10,17): error C2065: “row”: 未声明的标识符
E:\Meitu\foundation\三子棋\test.c(10,22): error C2065: “col”: 未声明的标识符
E:\Meitu\foundation\三子棋\test.c(10,27): error C2065: “row”: 未声明的标识符
E:\Meitu\foundation\三子棋\test.c(10,31): error C2065: “col”: 未声明的标识符
E:\Meitu\foundation\三子棋\test.c(11,14): warning C4013: “displayboard”未定义；假设外部返回 int
E:\Meitu\foundation\三子棋\test.c(11,20): error C2065: “row”: 未声明的标识符
E:\Meitu\foundation\三子棋\test.c(11,25): error C2065: “col”: 未声明的标识符
E:\Meitu\foundation\三子棋\test.c(11,31): error C2065: “row”: 未声明的标识符
E:\Meitu\foundation\三子棋\test.c(11,36): error C2065: “col”: 未声明的标识符
E:\Meitu\foundation\三子棋\test.c(17,6): error C2143: 语法错误: 缺少“;”(在“类型”的前面)
E:\Meitu\foundation\三子棋\test.c(18,7): warning C4013: “scanf”未定义；假设外部返回 int
E:\Meitu\foundation\三子棋\test.c(21,10): error C2059: 语法错误:“常数”
E:\Meitu\foundation\三子棋\test.c(26,3): error C2059: 语法错误:“switch”
E:\Meitu\foundation\三子棋\test.c(31,3): error C2059: 语法错误:“default”
E:\Meitu\foundation\三子棋\test.c(33,2): error C2059: 语法错误:“}”
E:\Meitu\foundation\三子棋\test.c(34,1): error C2059: 语法错误:“}”
  正在生成代码...
